0 info it worked if it ends with ok
1 verbose cli [ 'C:\\Program Files\\nodejs\\node.exe',
1 verbose cli   'C:\\Program Files\\nodejs\\node_modules\\npm\\bin\\npm-cli.js',
1 verbose cli   'run',
1 verbose cli   'docs:publish' ]
2 info using npm@3.10.10
3 info using node@v6.11.4
4 verbose run-script [ 'predocs:publish', 'docs:publish', 'postdocs:publish' ]
5 info lifecycle daily_programming@1.0.0~predocs:publish: daily_programming@1.0.0
6 silly lifecycle daily_programming@1.0.0~predocs:publish: no script for predocs:publish, continuing
7 info lifecycle daily_programming@1.0.0~docs:publish: daily_programming@1.0.0
8 verbose lifecycle daily_programming@1.0.0~docs:publish: unsafe-perm in lifecycle true
9 verbose lifecycle daily_programming@1.0.0~docs:publish: PATH: C:\Program Files\nodejs\node_modules\npm\bin\node-gyp-bin;C:\Users\kinsa\version-control\daily_programming\node_modules\.bin;C:\ProgramData\Oracle\Java\javapath;C:\Windows\system32;C:\Windows;C:\Windows\System32\Wbem;C:\Windows\System32\WindowsPowerShell\v1.0\;C:\Program Files\Microsoft SQL Server\130\Tools\Binn\;C:\Program Files\Microsoft\Web Platform Installer\;C:\Program Files (x86)\Microsoft SQL Server\Client SDK\ODBC\130\Tools\Binn\;C:\Program Files (x86)\Microsoft SQL Server\130\Tools\Binn\;C:\Program Files (x86)\Microsoft SQL Server\130\DTS\Binn\;C:\Program Files (x86)\Microsoft SQL Server\130\Tools\Binn\ManagementStudio\;C:\Program Files (x86)\EaseUS\Todo Backup\bin;C:\Program Files\Microsoft SQL Server\Client SDK\ODBC\130\Tools\Binn\;C:\Program Files\Microsoft SQL Server\130\DTS\Binn\;C:\Program Files (x86)\Windows Kits\10\Windows Performance Toolkit\;C:\Microsoft SQL Server Migration Assistant for Access\bin\;C:\Program Files\Microsoft SQL Server\Client SDK\ODBC\110\Tools\Binn\;C:\Program Files (x86)\Microsoft SQL Server\120\Tools\Binn\;C:\Program Files\Microsoft SQL Server\120\Tools\Binn\;C:\Program Files\Microsoft SQL Server\120\DTS\Binn\;C:\Program Files\dotnet\;C:\Program Files\TortoiseGit\bin;C:\Program Files\Git\cmd;C:\Program Files\nodejs\;C:\Users\kinsa\AppData\Local\GitHubDesktop\bin;C:\Program Files\Microsoft VS Code\bin;C:\Users\kinsa\AppData\Roaming\npm
10 verbose lifecycle daily_programming@1.0.0~docs:publish: CWD: C:\Users\kinsa\version-control\daily_programming
11 silly lifecycle daily_programming@1.0.0~docs:publish: Args: [ '/d /s /c',
11 silly lifecycle   'npm run docs:build && cd _book && git init && git commit --allow-empty -m \'Update docs\' && git checkout -b gh-pages && git add . && git commit -am \'Update docs\' && git push git@github.com:kinsidar/daily_programming gh-pages --force' ]
12 silly lifecycle daily_programming@1.0.0~docs:publish: Returned: code: 1  signal: null
13 info lifecycle daily_programming@1.0.0~docs:publish: Failed to exec docs:publish script
14 verbose stack Error: daily_programming@1.0.0 docs:publish: `npm run docs:build && cd _book && git init && git commit --allow-empty -m 'Update docs' && git checkout -b gh-pages && git add . && git commit -am 'Update docs' && git push git@github.com:kinsidar/daily_programming gh-pages --force`
14 verbose stack Exit status 1
14 verbose stack     at EventEmitter.<anonymous> (C:\Program Files\nodejs\node_modules\npm\lib\utils\lifecycle.js:255:16)
14 verbose stack     at emitTwo (events.js:106:13)
14 verbose stack     at EventEmitter.emit (events.js:191:7)
14 verbose stack     at ChildProcess.<anonymous> (C:\Program Files\nodejs\node_modules\npm\lib\utils\spawn.js:40:14)
14 verbose stack     at emitTwo (events.js:106:13)
14 verbose stack     at ChildProcess.emit (events.js:191:7)
14 verbose stack     at maybeClose (internal/child_process.js:920:16)
14 verbose stack     at Process.ChildProcess._handle.onexit (internal/child_process.js:230:5)
15 verbose pkgid daily_programming@1.0.0
16 verbose cwd C:\Users\kinsa\version-control\daily_programming
17 error Windows_NT 10.0.10240
18 error argv "C:\\Program Files\\nodejs\\node.exe" "C:\\Program Files\\nodejs\\node_modules\\npm\\bin\\npm-cli.js" "run" "docs:publish"
19 error node v6.11.4
20 error npm  v3.10.10
21 error code ELIFECYCLE
22 error daily_programming@1.0.0 docs:publish: `npm run docs:build && cd _book && git init && git commit --allow-empty -m 'Update docs' && git checkout -b gh-pages && git add . && git commit -am 'Update docs' && git push git@github.com:kinsidar/daily_programming gh-pages --force`
22 error Exit status 1
23 error Failed at the daily_programming@1.0.0 docs:publish script 'npm run docs:build && cd _book && git init && git commit --allow-empty -m 'Update docs' && git checkout -b gh-pages && git add . && git commit -am 'Update docs' && git push git@github.com:kinsidar/daily_programming gh-pages --force'.
23 error Make sure you have the latest version of node.js and npm installed.
23 error If you do, this is most likely a problem with the daily_programming package,
23 error not with npm itself.
23 error Tell the author that this fails on your system:
23 error     npm run docs:build && cd _book && git init && git commit --allow-empty -m 'Update docs' && git checkout -b gh-pages && git add . && git commit -am 'Update docs' && git push git@github.com:kinsidar/daily_programming gh-pages --force
23 error You can get information on how to open an issue for this project with:
23 error     npm bugs daily_programming
23 error Or if that isn't available, you can get their info via:
23 error     npm owner ls daily_programming
23 error There is likely additional logging output above.
24 verbose exit [ 1, true ]
